<?xml version="1.0" encoding="UTF-8"?>
<testsuite name="comp1721.cwk1.WordListTests" tests="1" skipped="0" failures="0" errors="0" timestamp="2022-04-14T13:03:02" hostname="LAPTOP-JER8818N" time="0.023">
  <properties/>
  <testcase name="GameException if game number is out of range" classname="comp1721.cwk1.WordListTests" time="0.023"/>
  <system-out><![CDATA[]]></system-out>
  <system-err><![CDATA[]]></system-err>
</testsuite>
